
 CHEMKIN INTERPRETER OUTPUT: CHEMKIN-II Version 3.9  Aug. 1994
                              DOUBLE PRECISION

                          --------------------
                          ELEMENTS     ATOMIC
                          CONSIDERED   WEIGHT
                          --------------------
                           1. C       12.0112    
                           2. H       1.00797    
                           3. O       15.9994    
                           4. N       14.0067    
                          --------------------
 -------------------------------------------------------------------------------
                          C
                       P  H
                       H  A
                       A  R
 SPECIES               S  G  MOLECULAR  TEMPERATURE  ELEMENT COUNT
 CONSIDERED            E  E  WEIGHT     LOW    HIGH  C  H  O  N  
 -------------------------------------------------------------------------------
   1. H                G  0    1.00797   300   5000   0  1  0  0
   2. H2               G  0    2.01594   300   5000   0  2  0  0
   3. CH2              G  0   14.02709   200   3500   1  2  0  0
   4. CH2(S)           G  0   14.02709   200   3500   1  2  0  0
   5. CH3              G  0   15.03506   200   6000   1  3  0  0
   6. O                G  0   15.99940   300   5000   0  0  1  0
   7. CH4              G  0   16.04303   300   5000   1  4  0  0
   8. OH               G  0   17.00737   200   6000   0  1  1  0
   9. H2O              G  0   18.01534   300   5000   0  2  1  0
  10. C2H2             G  0   26.03824   200   3500   2  2  0  0
  11. C2H3             G  0   27.04621   200   3500   2  3  0  0
  12. CO               G  0   28.01055   300   5000   1  0  1  0
  13. C2H4             G  0   28.05418   200   3500   2  4  0  0
  14. HCO              G  0   29.01852   300   5000   1  1  1  0
  15. C2H5             G  0   29.06215   200   6000   2  5  0  0
  16. CH2O             G  0   30.02649   300   4000   1  2  1  0
  17. C2H6             G  0   30.07012   300   4000   2  6  0  0
  18. CH2OH            G  0   31.03446   250   3000   1  3  1  0
  19. CH3O             G  0   31.03446   300   3000   1  3  1  0
  20. O2               G  0   31.99880   300   5000   0  0  2  0
  21. HO2              G  0   33.00677   200   3500   0  1  2  0
  22. H2O2             G  0   34.01474   300   5000   0  2  2  0
  23. CO2              G  0   44.00995   300   5000   1  0  2  0
  24. CH3HCO           G  0   44.05358   200   6000   2  4  1  0
  25. CH3OCH2          G  0   45.06155   300   5000   2  5  1  0
  26. HCOOH            G  0   46.02589   300   5000   1  2  2  0
  27. CH3OCH3          G  0   46.06952   270   3000   2  6  1  0
  28. HOCH2O           G  0   47.03386   300   5000   1  3  2  0
  29. CH3OCO           G  0   59.04501   300   5000   2  3  2  0
  30. CH3OCHO          G  0   60.05298   300   5000   2  4  2  0
  31. CH3OCH2O         G  0   61.06095   300   5000   2  5  2  0
  32. CH3OCH2OH        G  0   62.06892   300   5000   2  6  2  0
  33. OCH2OCHO         G  0   75.04441   300   5000   2  3  3  0
  34. HOCH2OCO         G  0   75.04441   300   5000   2  3  3  0
  35. CH3OCH2O2        G  0   77.06035   300   5000   2  5  3  0
  36. CH2OCH2O2H       G  0   77.06035   300   5000   2  5  3  0
  37. HO2CH2OCHO       G  0   92.05178   300   5000   2  4  4  0
  38. O2CH2OCH2O2H     G  0  109.05915   300   5000   2  5  5  0
  39. N2               G  0   28.01340   300   5000   0  0  0  2
 -------------------------------------------------------------------------------



                                                      (k = A T**b exp(-E/RT))
      REACTIONS CONSIDERED                              A        b        E

   1. H+O2=O+OH                                     3.55E+15   -0.4    16599.0
   2. O+H2=H+OH                                     5.08E+04    2.7     6290.0
   3. H2+OH=H2O+H                                   2.16E+08    1.5     3430.0
   4. O+H2O=OH+OH                                   2.97E+06    2.0    13400.0
   5. H2+M=H+H+M                                    4.58E+19   -1.4   104380.0
         H2               Enhanced by    2.500E+00
         H2O              Enhanced by    1.200E+01
         CO               Enhanced by    1.900E+00
         CO2              Enhanced by    3.800E+00
   6. O+O+M=O2+M                                    6.16E+15   -0.5        0.0
         H2               Enhanced by    2.500E+00
         H2O              Enhanced by    1.200E+01
         CO               Enhanced by    1.900E+00
         CO2              Enhanced by    3.800E+00
   7. O+H+M=OH+M                                    4.71E+18   -1.0        0.0
         H2               Enhanced by    2.500E+00
         H2O              Enhanced by    1.200E+01
         CO               Enhanced by    1.900E+00
         CO2              Enhanced by    3.800E+00
   8. H+OH+M=H2O+M                                  3.80E+22   -2.0        0.0
         H2               Enhanced by    2.500E+00
         H2O              Enhanced by    1.200E+01
         CO               Enhanced by    1.900E+00
         CO2              Enhanced by    3.800E+00
   9. H+O2(+M)=HO2(+M)                              1.48E+12    0.6        0.0
      Low pressure limit:  0.63660E+21 -0.17200E+01  0.52480E+03
      TROE centering:      0.80000E+00  0.10000E-29  0.10000E+31
         H2               Enhanced by    2.000E+00
         H2O              Enhanced by    1.100E+01
         O2               Enhanced by    7.800E-01
         CO               Enhanced by    1.900E+00
         CO2              Enhanced by    3.800E+00
  10. HO2+H=H2+O2                                   1.66E+13    0.0      823.0
  11. HO2+H=OH+OH                                   7.08E+13    0.0      295.0
  12. HO2+O=O2+OH                                   3.25E+13    0.0        0.0
  13. HO2+OH=H2O+O2                                 2.89E+13    0.0     -497.0
  14. HO2+HO2=H2O2+O2                               4.20E+14    0.0    11982.0
      Declared duplicate reaction...
  15. HO2+HO2=H2O2+O2                               1.30E+11    0.0    -1629.3
      Declared duplicate reaction...
  16. H2O2(+M)=OH+OH(+M)                            2.95E+14    0.0    48430.0
      Low pressure limit:  0.12020E+18  0.00000E+00  0.45500E+05
      TROE centering:      0.50000E+00  0.10000E-29  0.10000E+31
         H2               Enhanced by    2.500E+00
         H2O              Enhanced by    1.200E+01
         CO               Enhanced by    1.900E+00
         CO2              Enhanced by    3.800E+00
  17. H2O2+H=H2O+OH                                 2.41E+13    0.0     3970.0
  18. H2O2+H=HO2+H2                                 4.82E+13    0.0     7950.0
  19. H2O2+O=OH+HO2                                 9.55E+06    2.0     3970.0
  20. H2O2+OH=HO2+H2O                               1.00E+12    0.0        0.0
      Declared duplicate reaction...
  21. H2O2+OH=HO2+H2O                               5.80E+14    0.0     9557.0
      Declared duplicate reaction...
  22. CO+O(+M)=CO2(+M)                              1.80E+10    0.0     2384.0
      Low pressure limit:  0.15500E+25 -0.27900E+01  0.41910E+04
         H2               Enhanced by    2.500E+00
         H2O              Enhanced by    1.200E+01
         CO               Enhanced by    1.900E+00
         CO2              Enhanced by    3.800E+00
  23. CO+O2=CO2+O                                   2.53E+12    0.0    47700.0
  24. CO+HO2=CO2+OH                                 3.01E+13    0.0    23000.0
  25. CO+OH=CO2+H                                   2.23E+05    1.9    -1158.7
  26. HCO+M=H+CO+M                                  4.75E+11    0.7    14874.0
         H2               Enhanced by    2.500E+00
         H2O              Enhanced by    6.000E+00
         CO               Enhanced by    1.900E+00
         CO2              Enhanced by    3.800E+00
  27. HCO+O2=CO+HO2                                 7.58E+12    0.0      410.0
  28. HCO+H=CO+H2                                   7.23E+13    0.0        0.0
  29. HCO+O=CO+OH                                   3.02E+13    0.0        0.0
  30. HCO+OH=CO+H2O                                 3.02E+13    0.0        0.0
  31. HCO+O=CO2+H                                   3.00E+13    0.0        0.0
  32. HCO+HO2=CO2+OH+H                              3.00E+13    0.0        0.0
  33. HCO+HCO=H2+CO+CO                              3.00E+12    0.0        0.0
  34. HCO+CH3=CO+CH4                                2.65E+13    0.0        0.0
  35. HCO+HCO=CH2O+CO                               3.00E+13    0.0        0.0
  36. CH2O+M=HCO+H+M                                3.30E+39   -6.3    99900.0
         H2               Enhanced by    2.500E+00
         H2O              Enhanced by    1.200E+01
         CO               Enhanced by    1.900E+00
         CO2              Enhanced by    3.800E+00
  37. CH2O+M=CO+H2+M                                3.10E+45   -8.0    97510.0
         H2               Enhanced by    2.500E+00
         H2O              Enhanced by    1.200E+01
         CO               Enhanced by    1.900E+00
         CO2              Enhanced by    3.800E+00
  38. CH2O+H=HCO+H2                                 5.74E+07    1.9     2748.6
  39. CH2O+O=HCO+OH                                 1.81E+13    0.0     3080.0
  40. CH2O+OH=HCO+H2O                               3.43E+09    1.2     -447.0
  41. CH2O+O2=HCO+HO2                               1.23E+06    3.0    52000.0
  42. CH2O+HO2=HCO+H2O2                             4.11E+04    2.5    10210.0
  43. CH2O+CH3=HCO+CH4                              3.64E-06    5.4      998.0
  44. CH3+O=CH2O+H                                  8.43E+13    0.0        0.0
  45. CH3+O2=CH3O+O                                 1.99E+18   -1.6    29230.0
  46. CH3+O2=CH2O+OH                                3.74E+11    0.0    14640.0
  47. CH3+HO2=CH3O+OH                               2.41E+10    0.8    -2325.0
  48. CH3+CH3(+M)=C2H6(+M)                          2.28E+15   -0.7      174.9
      Low pressure limit:  0.80540E+32 -0.37500E+01  0.98160E+03
      TROE centering:      0.00000E+00  0.57000E+03  0.00000E+00  0.10000E+31
         H2O              Enhanced by    5.000E+00
         CO               Enhanced by    2.000E+00
         CO2              Enhanced by    3.000E+00
  49. CH3+H(+M)=CH4(+M)                             1.27E+16   -0.6      383.0
      Low pressure limit:  0.24770E+34 -0.47600E+01  0.24400E+04
      TROE centering:      0.78300E+00  0.74000E+02  0.29410E+04  0.69640E+04
         H2               Enhanced by    2.000E+00
         H2O              Enhanced by    6.000E+00
         CH4              Enhanced by    2.000E+00
         CO               Enhanced by    1.500E+00
         CO2              Enhanced by    2.000E+00
         C2H6             Enhanced by    3.000E+00
  50. CH4+H=CH3+H2                                  5.47E+07    2.0    11210.0
  51. CH4+O=CH3+OH                                  3.15E+12    0.5    10290.0
  52. CH4+OH=CH3+H2O                                5.72E+06    2.0     2639.0
  53. CH3+HO2=CH4+O2                                3.16E+12    0.0        0.0
  54. CH4+HO2=CH3+H2O2                              1.81E+11    0.0    18580.0
  55. CH2OH+M=CH2O+H+M                              1.00E+14    0.0    25100.0
  56. CH2OH+H=CH2O+H2                               6.00E+12    0.0        0.0
  57. CH2OH+H=CH3+OH                                9.64E+13    0.0        0.0
  58. CH2OH+O=CH2O+OH                               4.20E+13    0.0        0.0
  59. CH2OH+OH=CH2O+H2O                             2.40E+13    0.0        0.0
  60. CH2OH+O2=CH2O+HO2                             2.41E+14    0.0     5017.0
      Declared duplicate reaction...
  61. CH2OH+O2=CH2O+HO2                             1.51E+15   -1.0        0.0
      Declared duplicate reaction...
  62. CH2OH+HO2=CH2O+H2O2                           1.20E+13    0.0        0.0
  63. CH2OH+HCO=CH2O+CH2O                           1.50E+13    0.0        0.0
  64. CH3O+M=CH2O+H+M                               8.30E+17   -1.2    15500.0
  65. CH3O+H=CH3+OH                                 3.20E+13    0.0        0.0
  66. CH3O+O=CH2O+OH                                6.00E+12    0.0        0.0
  67. CH3O+OH=CH2O+H2O                              1.80E+13    0.0        0.0
  68. CH3O+O2=CH2O+HO2                              9.03E+13    0.0    11980.0
      Declared duplicate reaction...
  69. CH3O+O2=CH2O+HO2                              2.20E+10    0.0     1748.0
      Declared duplicate reaction...
  70. CH3O+HO2=CH2O+H2O2                            3.00E+11    0.0        0.0
  71. CH3O+CO=CH3+CO2                               1.60E+13    0.0    11800.0
  72. CH3+CH3=H+C2H5                                4.99E+12    0.1    10600.0
  73. CH4+CH2=CH3+CH3                               2.46E+06    2.0     8270.0
  74. CH4+CH2(S)=CH3+CH3                            1.60E+13    0.0     -570.0
  75. CH3+OH=CH2+H2O                                5.60E+07    1.6     5420.0
  76. CH3+OH=CH2(S)+H2O                             2.50E+13    0.0        0.0
  77. CH3+CH2=C2H4+H                                4.00E+13    0.0        0.0
  78. CH3+CH2(S)=C2H4+H                             1.20E+13    0.0     -570.0
  79. CH3O+H=CH2(S)+H2O                             1.60E+13    0.0        0.0
  80. C2H6+H=C2H5+H2                                1.15E+08    1.9     7530.0
  81. C2H6+O=C2H5+OH                                8.98E+07    1.9     5690.0
  82. C2H6+OH=C2H5+H2O                              3.54E+06    2.1      870.0
  83. C2H6+O2=C2H5+HO2                              4.00E+13    0.0    50900.0
  84. C2H6+HO2=C2H5+H2O2                            2.94E+11    0.0    14940.0
  85. C2H6+CH3=C2H5+CH4                             6.14E+06    1.7    10450.0
  86. C2H5+H(+M)=C2H6(+M)                           5.21E+17   -1.0     1580.0
      Low pressure limit:  0.19900E+42 -0.70800E+01  0.66850E+04
      TROE centering:      0.84220E+00  0.12500E+03  0.22190E+04  0.68820E+04
         H2               Enhanced by    2.000E+00
         H2O              Enhanced by    6.000E+00
         CH4              Enhanced by    2.000E+00
         CO               Enhanced by    1.500E+00
         CO2              Enhanced by    2.000E+00
         C2H6             Enhanced by    3.000E+00
  87. C2H5+H=C2H4+H2                                2.00E+12    0.0        0.0
  88. C2H5+O=CH3+CH2O                               1.32E+14    0.0        0.0
  89. C2H5+O2=C2H4+HO2                              2.00E+10    0.0        0.0
  90. C2H5+C2H5=C2H4+C2H6                           1.40E+12    0.0        0.0
  91. C2H5+HCO=C2H6+CO                              1.20E+14    0.0        0.0
  92. C2H5+O=CH3HCO+H                               8.02E+13    0.0        0.0
  93. C2H4(+M)=H2+C2H2(+M)                          8.00E+12    0.4    88770.0
      Low pressure limit:  0.70000E+51 -0.93100E+01  0.99860E+05
      TROE centering:      0.73450E+00  0.18000E+03  0.10350E+04  0.54170E+04
         H2               Enhanced by    2.000E+00
         H2O              Enhanced by    6.000E+00
         CH4              Enhanced by    2.000E+00
         CO               Enhanced by    1.500E+00
         CO2              Enhanced by    2.000E+00
         C2H6             Enhanced by    3.000E+00
  94. C2H4+H(+M)=C2H5(+M)                           1.08E+12    0.5     1820.0
      Low pressure limit:  0.12000E+43 -0.76200E+01  0.69700E+04
      TROE centering:      0.97530E+00  0.21000E+03  0.98400E+03  0.43740E+04
         H2               Enhanced by    2.000E+00
         H2O              Enhanced by    6.000E+00
         CH4              Enhanced by    2.000E+00
         CO               Enhanced by    1.500E+00
         CO2              Enhanced by    2.000E+00
         C2H6             Enhanced by    3.000E+00
  95. C2H3+H(+M)=C2H4(+M)                           6.08E+12    0.3      280.0
      Low pressure limit:  0.14000E+31 -0.38600E+01  0.33200E+04
      TROE centering:      0.78200E+00  0.20750E+03  0.26630E+04  0.60950E+04
         H2               Enhanced by    2.000E+00
         H2O              Enhanced by    6.000E+00
         CH4              Enhanced by    2.000E+00
         CO               Enhanced by    1.500E+00
         CO2              Enhanced by    2.000E+00
         C2H6             Enhanced by    3.000E+00
  96. C2H4+H=C2H3+H2                                1.32E+06    2.5    12240.0
  97. C2H4+OH=C2H3+H2O                              1.80E+06    2.0     2500.0
  98. C2H4+CH3=C2H3+CH4                             2.27E+05    2.0     9200.0
  99. C2H4+O=CH3+HCO                                1.92E+07    1.8      220.0
 100. C2H3+OH=C2H2+H2O                              5.00E+12    0.0        0.0
 101. C2H4+O=OH+C2H3                                1.51E+07    1.9     3740.0
 102. C2H4+O2=C2H3+HO2                              4.22E+13    0.0    57600.0
 103. C2H3+H=C2H2+H2                                9.64E+13    0.0        0.0
 104. C2H3+H2O2=C2H4+HO2                            1.21E+10    0.0     -596.0
 105. C2H3+CH3=C2H2+CH4                             3.90E+11    0.0        0.0
 106. C2H3+C2H3=C2H4+C2H2                           9.60E+11    0.0        0.0
 107. C2H3+O2=HCO+CH2O                              4.58E+16   -1.4     1015.0
 108. C2H3+O2=HO2+C2H2                              1.34E+06    1.6     -384.0
 109. C2H2+H(+M)=C2H3(+M)                           5.60E+12    0.0     2400.0
      Low pressure limit:  0.38000E+41 -0.72700E+01  0.72200E+04
      TROE centering:      0.75070E+00  0.98500E+02  0.13020E+04  0.41670E+04
         H2               Enhanced by    2.000E+00
         H2O              Enhanced by    6.000E+00
         CH4              Enhanced by    2.000E+00
         CO               Enhanced by    1.500E+00
         CO2              Enhanced by    2.000E+00
         C2H6             Enhanced by    3.000E+00
 110. C2H2+O=CH2+CO                                 4.08E+06    2.0     1900.0
 111. C2H2+OH=CH3+CO                                4.83E-04    4.0    -2000.0
 112. CH2+H(+M)=CH3(+M)                             2.50E+16   -0.8        0.0
      Low pressure limit:  0.32000E+28 -0.31400E+01  0.12300E+04
      TROE centering:      0.68000E+00  0.78000E+02  0.19950E+04  0.55900E+04
         H2               Enhanced by    2.000E+00
         H2O              Enhanced by    6.000E+00
         CH4              Enhanced by    2.000E+00
         CO               Enhanced by    1.500E+00
         CO2              Enhanced by    2.000E+00
         C2H6             Enhanced by    3.000E+00
 113. CH2+O=HCO+H                                   8.00E+13    0.0        0.0
 114. CH2+OH=CH2O+H                                 2.00E+13    0.0        0.0
 115. CH2+H2=H+CH3                                  5.00E+05    2.0     7230.0
 116. CH2+O2=HCO+OH                                 1.32E+13    0.0     1500.0
 117. CH2+HO2=CH2O+OH                               2.00E+13    0.0        0.0
 118. CH2+CH2=C2H2+H2                               3.20E+13    0.0        0.0
 119. CH2(S)+M=CH2+M                                9.00E+12    0.0      600.0
         H2O              Enhanced by    0.000E+00
         CO               Enhanced by    0.000E+00
         CO2              Enhanced by    0.000E+00
 120. CH2(S)+H2O=CH2+H2O                            3.00E+13    0.0        0.0
 121. CH2(S)+CO=CH2+CO                              9.00E+12    0.0        0.0
 122. CH2(S)+CO2=CH2+CO2                            7.00E+12    0.0        0.0
 123. CH2(S)+O=CO+H2                                1.50E+13    0.0        0.0
 124. CH2(S)+O=HCO+H                                1.50E+13    0.0        0.0
 125. CH2(S)+OH=CH2O+H                              3.00E+13    0.0        0.0
 126. CH2(S)+H2=CH3+H                               7.00E+13    0.0        0.0
 127. CH2(S)+O2=H+OH+CO                             2.80E+13    0.0        0.0
 128. CH2(S)+O2=CO+H2O                              1.20E+13    0.0        0.0
 129. CH2(S)+CO2=CH2O+CO                            1.40E+13    0.0        0.0
 130. CH3HCO=CH3+HCO                                7.00E+15    0.0    81674.0
 131. CH3OCH3=CH3+CH3O                              1.70E+42   -8.0    91806.6
 132. CH3OCH3+OH=CH3OCH2+H2O                        6.71E+06    2.0     -629.9
 133. CH3OCH3+H=CH3OCH2+H2                          2.97E+07    2.0     4033.6
 134. CH3OCH3+CH3=CH3OCH2+CH4                       2.68E+01    3.8     9631.3
 135. CH3OCH3+O=CH3OCH2+OH                          1.86E-03    5.3     -109.0
 136. CH3OCH3+HO2=CH3OCH2+H2O2                      2.00E+13    0.0    16500.0
 137. CH3OCH3+O2=CH3OCH2+HO2                        4.10E+13    0.0    44910.0
 138. CH3OCH2=CH2O+CH3                              1.20E+13    0.0    25750.0
 139. CH3OCH2+CH3O=CH3OCH3+CH2O                     2.41E+13    0.0        0.0
 140. CH3OCH2+CH2O=CH3OCH3+HCO                      5.49E+03    2.8     5862.0
 141. CH3OCH2+HO2=CH3OCH2O+OH                       9.00E+12    0.0        0.0
 142. CH3OCH2O=CH3OCHO+H                            1.74E+16   -0.7    11720.0
 143. CH3OCHO+O2=CH3OCO+HO2                         1.00E+13    0.0    49700.0
 144. CH3OCHO+OH=CH3OCO+H2O                         2.34E+07    1.6      -35.0
 145. CH3OCHO+HO2=CH3OCO+H2O2                       1.22E+12    0.0    17000.0
 146. CH3OCHO+O=CH3OCO+OH                           2.35E+05    2.5     2230.0
 147. CH3OCHO+H=CH3OCO+H2                           4.55E+06    2.0     5000.0
 148. CH3OCHO+CH3=CH3OCO+CH4                        7.55E-01    3.5     5481.0
 149. CH3OCO=CH3O+CO                                7.45E+12   -1.8    17150.0
 150. CH3OCO=CH3+CO2                                1.51E+12   -1.8    13820.0
 151. CH3OCH2+O2=CH3OCH2O2                          2.00E+12    0.0        0.0
 152. CH3OCH2O2+CH3OCH2O2=O2+CH3OCH2O+CH3OCH2O      1.60E+23   -4.5        0.0
 153. CH3OCH2O2+CH3OCH2O2=O2+CH3OCHO+CH3OCH2OH      6.84E+22   -4.5        0.0
 154. CH3OCH2O=CH3O+CH2O                            9.72E+15   -1.1    20640.0
 155. CH3OCH2O+O2=CH3OCHO+HO2                       5.00E+10    0.0      500.0
 156. CH3OCH2O2=CH2OCH2O2H                          6.00E+10    0.0    21500.0
 157. CH2OCH2O2H=OH+CH2O+CH2O                       1.50E+13    0.0    20500.0
 158. CH2OCH2O2H+O2=O2CH2OCH2O2H                    7.00E+11    0.0        0.0
 159. O2CH2OCH2O2H=HO2CH2OCHO+OH                    4.00E+10    0.0    18500.0
 160. HO2CH2OCHO=OCH2OCHO+OH                        3.00E+16    0.0    40000.0
 161. OCH2OCHO=HOCH2OCO                             1.00E+11    0.0    14000.0
 162. HOCH2OCO=HOCH2O+CO                            2.18E+16   -2.7    17200.0
 163. HOCH2OCO=CH2OH+CO2                            5.31E+15   -2.6    20810.0
 164. HOCH2O=HCOOH+H                                1.00E+14    0.0    14900.0
 165. CH2O+OH=HOCH2O                                4.50E+15   -1.1        0.0
 166. HCOOH+M=CO+H2O+M                              2.30E+13    0.0    50000.0
 167. HCOOH+M=CO2+H2+M                              1.50E+16    0.0    57000.0
 168. HCOOH=HCO+OH                                  4.59E+18   -0.5   108300.0
 169. HCOOH+OH=H2O+CO2+H                            2.62E+06    2.1      916.0
 170. HCOOH+OH=H2O+CO+OH                            1.85E+07    1.5     -962.0
 171. HCOOH+H=H2+CO2+H                              4.24E+06    2.1     4868.0
 172. HCOOH+H=H2+CO+OH                              6.03E+13   -0.3     2988.0
 173. HCOOH+CH3=CH4+CO+OH                           3.90E-07    5.8     2200.0
 174. HCOOH+HO2=H2O2+CO+OH                          1.00E+12    0.0    11920.0
 175. HCOOH+O=CO+OH+OH                              1.77E+18   -1.9     2975.0

  NOTE:  A units mole-cm-sec-K, E units cal/mole



 NO ERRORS FOUND ON INPUT...CHEMKIN LINKING FILE WRITTEN.

 WORKING SPACE REQUIREMENTS ARE
    INTEGER:     3033
    REAL:        2933
    CHARACTER:     43
